[0.037s] Invoking command in '/home/ROS2_rUBot_mecanum_ws/build/my_robot_description': /usr/bin/cmake --build /home/ROS2_rUBot_mecanum_ws/build/my_robot_description -- -j8 -l8
[0.064s] -- Found ament_cmake: 1.3.5 (/opt/ros/humble/share/ament_cmake/cmake)
[0.209s] -- Override CMake install command with custom implementation using symlinks instead of copying resources
[0.244s] -- Found urdf: 2.6.0 (/opt/ros/humble/share/urdf/cmake)
[0.391s] Error parsing '/home/ROS2_rUBot_mecanum_ws/src/my_robot_description/package.xml':
[0.392s] Traceback (most recent call last):
[0.392s]   File "/opt/ros/humble/share/ament_cmake_core/cmake/core/package_xml_2_cmake.py", line 150, in <module>
[0.392s]     main()
[0.393s]   File "/opt/ros/humble/share/ament_cmake_core/cmake/core/package_xml_2_cmake.py", line 53, in main
[0.393s]     raise e
[0.393s]   File "/opt/ros/humble/share/ament_cmake_core/cmake/core/package_xml_2_cmake.py", line 49, in main
[0.394s]     package = parse_package_string(
[0.394s]   File "/usr/lib/python3/dist-packages/catkin_pkg/package.py", line 786, in parse_package_string
[0.394s]     raise InvalidPackage('Error(s):%s' % (''.join(['\n- %s' % e for e in errors])), filename)
[0.394s] catkin_pkg.package.InvalidPackage: Error(s) in package '/home/ROS2_rUBot_mecanum_ws/src/my_robot_description/package.xml':
[0.394s] Error(s):
[0.395s] - The generic dependency on 'urdf' is redundant with: exec_depend
[0.401s] -- Configuring incomplete, errors occurred!
[0.401s] See also "/home/ROS2_rUBot_mecanum_ws/build/my_robot_description/CMakeFiles/CMakeOutput.log".
[0.401s] [31mCMake Error at /opt/ros/humble/share/ament_cmake_core/cmake/core/ament_package_xml.cmake:95 (message):
[0.401s]   execute_process(/usr/bin/python3.10
[0.401s]   /opt/ros/humble/share/ament_cmake_core/cmake/core/package_xml_2_cmake.py
[0.401s]   /home/ROS2_rUBot_mecanum_ws/src/my_robot_description/package.xml
[0.402s]   /home/ROS2_rUBot_mecanum_ws/build/my_robot_description/ament_cmake_core/package.cmake)
[0.402s]   returned error code 1
[0.403s] Call Stack (most recent call first):
[0.403s]   /opt/ros/humble/share/ament_cmake_core/cmake/core/ament_package_xml.cmake:49 (_ament_package_xml)
[0.403s]   /opt/ros/humble/share/ament_cmake_core/cmake/core/ament_package.cmake:63 (ament_package_xml)
[0.403s]   CMakeLists.txt:17 (ament_package)
[0.403s] 
[0.404s] [0m
[0.404s] gmake: *** [Makefile:226: cmake_check_build_system] Error 1
[0.407s] Invoked command in '/home/ROS2_rUBot_mecanum_ws/build/my_robot_description' returned '2': /usr/bin/cmake --build /home/ROS2_rUBot_mecanum_ws/build/my_robot_description -- -j8 -l8
